<?xml version="1.0" encoding="UTF-8"?>
<!-- Generated by org.testng.reporters.JUnitReportReporter -->
<testsuite hostname="HP" failures="0" tests="1" name="testNg.ExcelFileDEmo" time="25.991" errors="0" timestamp="2022-07-25T16:47:00 IST" skipped="0">
  <testcase classname="testNg.ExcelFileDEmo" name="f" time="25.991"/>
  <system-out/>
</testsuite> <!-- testNg.ExcelFileDEmo -->
