<?xml version="1.0" encoding="UTF-8"?>
<!-- Generated by org.testng.reporters.JUnitReportReporter -->
<testsuite hostname="HP" failures="0" tests="3" name="testNg.dependsonMethod" time="0.014" errors="0" timestamp="2022-07-27T17:15:51 IST" skipped="0">
  <testcase classname="testNg.dependsonMethod" name="Logout" time="0.001"/>
  <system-out/>
  <testcase classname="testNg.dependsonMethod" name="Login" time="0.012"/>
  <system-out/>
  <testcase classname="testNg.dependsonMethod" name="dashbord" time="0.001"/>
  <system-out/>
</testsuite> <!-- testNg.dependsonMethod -->
