<?xml version="1.0" encoding="UTF-8"?>
<!-- Generated by org.testng.reporters.JUnitReportReporter -->
<testsuite hostname="HP" failures="0" tests="1" name="testNg.parameterDemo" time="10.754" errors="0" timestamp="2022-07-19T09:05:00 IST" skipped="0">
  <testcase classname="testNg.parameterDemo" name="parametres" time="10.754"/>
  <system-out/>
</testsuite> <!-- testNg.parameterDemo -->
