<?xml version="1.0" encoding="UTF-8"?>
<!-- Generated by org.testng.reporters.JUnitReportReporter -->
<testsuite hostname="HP" failures="0" tests="3" name="testNg.TestngAnnotations" time="24.227" errors="0" timestamp="2022-07-25T16:44:02 IST" skipped="0">
  <testcase classname="testNg.TestngAnnotations" name="test" time="2.253"/>
  <system-out/>
  <testcase classname="testNg.TestngAnnotations" name="test" time="10.899"/>
  <system-out/>
  <testcase classname="testNg.TestngAnnotations" name="test" time="11.075"/>
  <system-out/>
</testsuite> <!-- testNg.TestngAnnotations -->
