<?xml version="1.0" encoding="UTF-8"?>
<!-- Generated by org.testng.reporters.JUnitReportReporter -->
<testsuite hostname="HP" failures="0" tests="3" name="testNg.Groups" time="0.026" errors="0" timestamp="2022-07-08T16:18:32 IST" skipped="0">
  <testcase classname="testNg.Groups" name="test2" time="0.015"/>
  <system-out/>
  <testcase classname="testNg.Groups" name="test3" time="0.009"/>
  <system-out/>
  <testcase classname="testNg.Groups" name="test4" time="0.002"/>
  <system-out/>
</testsuite> <!-- testNg.Groups -->
